<?xml version="1.0" encoding="UTF-8"?>
<testsuite xmlns:xsi="http://www.w3.org/2001/XMLSchema-instance" xsi:noNamespaceSchemaLocation="https://maven.apache.org/surefire/maven-surefire-plugin/xsd/surefire-test-report-3.0.xsd" version="3.0" name="com.example.securitydemo.SecurityDemoApplicationTests" time="3.706" tests="1" errors="0" skipped="0" failures="0">
  <properties>
[...]
</properties>
  <testcase name="contextLoads" classname="com.example.securitydemo.SecurityDemoApplicationTests" time="0.841">
    <system-out><![CDATA[13:05:32.425 [main] INFO org.springframework.test.context.support.AnnotationConfigContextLoaderUtils -- Could not detect default configuration classes for test class [com.example.securitydemo.SecurityDemoApplicationTests]: SecurityDemoApplicationTests does not declare any static, non-private, non-final, nested classes annotated with @Configuration.
13:05:32.540 [main] INFO org.springframework.boot.test.context.SpringBootTestContextBootstrapper -- Found @SpringBootConfiguration com.example.securitydemo.SecurityDemoApplication for test class com.example.securitydemo.SecurityDemoApplicationTests

  .   ____          _            __ _ _
 /\\ / ___'_ __ _ _(_)_ __  __ _ \ \ \ \
( ( )\___ | '_ | '_| | '_ \/ _` | \ \ \ \
 \\/  ___)| |_)| | | | | || (_| |  ) ) ) )
  '  |____| .__|_| |_|_| |_\__, | / / / /
 =========|_|==============|___/=/_/_/_/
 :: Spring Boot ::                (v3.1.0)

2023-10-02T13:05:33.146+05:30  INFO 13644 --- [           main] c.e.s.SecurityDemoApplicationTests       : Starting SecurityDemoApplicationTests using Java 17.0.7 with PID 13644 (started by PlayJava in D:\programms\security-demo)
2023-10-02T13:05:33.148+05:30  INFO 13644 --- [           main] c.e.s.SecurityDemoApplicationTests       : No active profile set, falling back to 1 default profile: "default"
2023-10-02T13:05:34.728+05:30  INFO 13644 --- [           main] o.s.s.web.DefaultSecurityFilterChain     : Will secure any request with [org.springframework.security.web.session.DisableEncodeUrlFilter@101a461c, org.springframework.security.web.context.request.async.WebAsyncManagerIntegrationFilter@360e9c06, org.springframework.security.web.context.SecurityContextHolderFilter@3976ebfa, org.springframework.security.web.header.HeaderWriterFilter@19e0dffe, org.springframework.security.web.authentication.logout.LogoutFilter@6e3eb0cd, org.springframework.security.web.authentication.UsernamePasswordAuthenticationFilter@235d659c, org.springframework.security.web.authentication.ui.DefaultLoginPageGeneratingFilter@77f905e3, org.springframework.security.web.authentication.ui.DefaultLogoutPageGeneratingFilter@5ebffb44, org.springframework.security.web.savedrequest.RequestCacheAwareFilter@b0a1231, org.springframework.security.web.servletapi.SecurityContextHolderAwareRequestFilter@dd2856e, org.springframework.security.web.authentication.AnonymousAuthenticationFilter@311ff287, org.springframework.security.web.access.ExceptionTranslationFilter@254449bb, org.springframework.security.web.access.intercept.AuthorizationFilter@751ae8a4]
2023-10-02T13:05:35.078+05:30  INFO 13644 --- [           main] c.e.s.SecurityDemoApplicationTests       : Started SecurityDemoApplicationTests in 2.316 seconds (process running for 3.468)
]]></system-out>
  </testcase>
</testsuite>